<?xml version="1.0" encoding="UTF-8"?>
<!-- Generated by org.testng.reporters.JUnitXMLReporter -->
<testsuite ignored="0" hostname="DESKTOP-Q1DI0LE" failures="0" tests="12" name="Default test" time="34.258" errors="0" timestamp="2022-01-26T23:31:27 EST">
  <testcase classname="stepdefination.StepDefination" name="user_click_on_signup_button" time="3.261"/>
  <testcase classname="stepdefination.StepDefination" name="signup_box_is_displayed" time="0.045"/>
  <testcase classname="stepdefination.StepDefination" name="user_enter_username_password" time="2.275"/>
  <testcase classname="stepdefination.StepDefination" name="user_click_on_sign_up" time="0.0"/>
  <testcase classname="stepdefination.StepDefination" name="user_should_get_successful_message" time="2.061"/>
  <testcase classname="stepdefination.StepDefination" name="click_on_log_in_button" time="3.228"/>
  <testcase classname="stepdefination.StepDefination" name="enter_username_password" time="4.047"/>
  <testcase classname="stepdefination.StepDefination" name="click_on_log_in" time="5.224"/>
  <testcase classname="stepdefination.StepDefination" name="click_on_one_product" time="4.273"/>
  <testcase classname="stepdefination.StepDefination" name="add_to_cart" time="4.051"/>
  <testcase classname="stepdefination.StepDefination" name="go_to_cart" time="3.385"/>
  <testcase classname="stepdefination.StepDefination" name="confirm_product_is_added" time="2.025"/>
</testsuite> <!-- Default test -->
