<?xml version="1.0" encoding="UTF-8"?>
<!-- Generated by org.testng.reporters.JUnitXMLReporter -->
<testsuite ignored="11" hostname="DESKTOP-Q1DI0LE" failures="0" tests="1" name="Default test" time="3.756" errors="0" timestamp="2022-03-01T22:01:52 EST">
  <testcase classname="stepdefination.StepDefination" name="user_click_on_signup_button" time="3.311"/>
  <testcase classname="stepdefination.StepDefination" name="confirm_product_is_added" time="0.0">
    <ignored/>
  </testcase> <!-- confirm_product_is_added -->
  <testcase classname="stepdefination.StepDefination" name="user_click_on_sign_up" time="0.0">
    <ignored/>
  </testcase> <!-- user_click_on_sign_up -->
  <testcase classname="stepdefination.StepDefination" name="signup_box_is_displayed" time="0.0">
    <ignored/>
  </testcase> <!-- signup_box_is_displayed -->
  <testcase classname="stepdefination.StepDefination" name="enter_username_password" time="0.0">
    <ignored/>
  </testcase> <!-- enter_username_password -->
  <testcase classname="stepdefination.StepDefination" name="click_on_log_in_button" time="0.0">
    <ignored/>
  </testcase> <!-- click_on_log_in_button -->
  <testcase classname="stepdefination.StepDefination" name="click_on_one_product" time="0.0">
    <ignored/>
  </testcase> <!-- click_on_one_product -->
  <testcase classname="stepdefination.StepDefination" name="user_enter_username_password" time="0.0">
    <ignored/>
  </testcase> <!-- user_enter_username_password -->
  <testcase classname="stepdefination.StepDefination" name="user_should_get_successful_message" time="0.0">
    <ignored/>
  </testcase> <!-- user_should_get_successful_message -->
  <testcase classname="stepdefination.StepDefination" name="go_to_cart" time="0.0">
    <ignored/>
  </testcase> <!-- go_to_cart -->
  <testcase classname="stepdefination.StepDefination" name="click_on_log_in" time="0.0">
    <ignored/>
  </testcase> <!-- click_on_log_in -->
  <testcase classname="stepdefination.StepDefination" name="add_to_cart" time="0.0">
    <ignored/>
  </testcase> <!-- add_to_cart -->
</testsuite> <!-- Default test -->
