<?xml version="1.0" encoding="UTF-8"?>
<testng-results ignored="11" total="12" passed="1" failed="0" skipped="0">
  <reporter-output>
  </reporter-output>
  <suite started-at="2022-03-01T22:01:48 EST" name="Default suite" finished-at="2022-03-01T22:01:52 EST" duration-ms="3756">
    <groups>
    </groups>
    <test started-at="2022-03-01T22:01:48 EST" name="Default test" finished-at="2022-03-01T22:01:52 EST" duration-ms="3756">
      <class name="stepdefination.StepDefination">
        <test-method is-config="true" signature="open_a_browser()[pri:0, instance:stepdefination.StepDefination@478190fc]" started-at="2022-03-01T22:01:41 EST" name="open_a_browser" finished-at="2022-03-01T22:01:48 EST" duration-ms="6983" status="PASS">
          <reporter-output>
          </reporter-output>
        </test-method> <!-- open_a_browser -->
        <test-method is-config="true" signature="user_must_on_product_store_home_page_url()[pri:0, instance:stepdefination.StepDefination@478190fc]" started-at="2022-03-01T22:01:48 EST" name="user_must_on_product_store_home_page_url" finished-at="2022-03-01T22:01:49 EST" duration-ms="411" status="PASS">
          <reporter-output>
          </reporter-output>
        </test-method> <!-- user_must_on_product_store_home_page_url -->
        <test-method signature="user_click_on_signup_button()[pri:1, instance:stepdefination.StepDefination@478190fc]" started-at="2022-03-01T22:01:49 EST" name="user_click_on_signup_button" finished-at="2022-03-01T22:01:52 EST" duration-ms="3311" status="PASS">
          <reporter-output>
          </reporter-output>
        </test-method> <!-- user_click_on_signup_button -->
      </class> <!-- stepdefination.StepDefination -->
    </test> <!-- Default test -->
  </suite> <!-- Default suite -->
</testng-results>
