<?xml version="1.0" encoding="UTF-8"?>
<testng-results ignored="0" total="12" passed="12" failed="0" skipped="0">
  <reporter-output>
  </reporter-output>
  <suite started-at="2022-01-26T23:30:53 EST" name="Default suite" finished-at="2022-01-26T23:31:27 EST" duration-ms="34258">
    <groups>
    </groups>
    <test started-at="2022-01-26T23:30:53 EST" name="Default test" finished-at="2022-01-26T23:31:27 EST" duration-ms="34258">
      <class name="stepdefination.StepDefination">
        <test-method is-config="true" signature="open_a_browser()[pri:0, instance:stepdefination.StepDefination@5158b42f]" started-at="2022-01-26T23:30:47 EST" name="open_a_browser" finished-at="2022-01-26T23:30:53 EST" duration-ms="5232" status="PASS">
          <reporter-output>
          </reporter-output>
        </test-method> <!-- open_a_browser -->
        <test-method is-config="true" signature="user_must_on_product_store_home_page_url()[pri:0, instance:stepdefination.StepDefination@5158b42f]" started-at="2022-01-26T23:30:53 EST" name="user_must_on_product_store_home_page_url" finished-at="2022-01-26T23:30:53 EST" duration-ms="279" status="PASS">
          <reporter-output>
          </reporter-output>
        </test-method> <!-- user_must_on_product_store_home_page_url -->
        <test-method signature="user_click_on_signup_button()[pri:1, instance:stepdefination.StepDefination@5158b42f]" started-at="2022-01-26T23:30:53 EST" name="user_click_on_signup_button" finished-at="2022-01-26T23:30:56 EST" duration-ms="3261" status="PASS">
          <reporter-output>
          </reporter-output>
        </test-method> <!-- user_click_on_signup_button -->
        <test-method is-config="true" signature="user_must_on_product_store_home_page_url()[pri:0, instance:stepdefination.StepDefination@5158b42f]" started-at="2022-01-26T23:30:56 EST" name="user_must_on_product_store_home_page_url" finished-at="2022-01-26T23:30:56 EST" duration-ms="4" status="PASS">
          <reporter-output>
          </reporter-output>
        </test-method> <!-- user_must_on_product_store_home_page_url -->
        <test-method signature="signup_box_is_displayed()[pri:2, instance:stepdefination.StepDefination@5158b42f]" started-at="2022-01-26T23:30:56 EST" name="signup_box_is_displayed" finished-at="2022-01-26T23:30:56 EST" duration-ms="45" status="PASS">
          <reporter-output>
          </reporter-output>
        </test-method> <!-- signup_box_is_displayed -->
        <test-method is-config="true" signature="user_must_on_product_store_home_page_url()[pri:0, instance:stepdefination.StepDefination@5158b42f]" started-at="2022-01-26T23:30:56 EST" name="user_must_on_product_store_home_page_url" finished-at="2022-01-26T23:30:56 EST" duration-ms="4" status="PASS">
          <reporter-output>
          </reporter-output>
        </test-method> <!-- user_must_on_product_store_home_page_url -->
        <test-method signature="user_enter_username_password()[pri:3, instance:stepdefination.StepDefination@5158b42f]" started-at="2022-01-26T23:30:56 EST" name="user_enter_username_password" finished-at="2022-01-26T23:30:58 EST" duration-ms="2275" status="PASS">
          <reporter-output>
          </reporter-output>
        </test-method> <!-- user_enter_username_password -->
        <test-method is-config="true" signature="user_must_on_product_store_home_page_url()[pri:0, instance:stepdefination.StepDefination@5158b42f]" started-at="2022-01-26T23:30:58 EST" name="user_must_on_product_store_home_page_url" finished-at="2022-01-26T23:30:58 EST" duration-ms="7" status="PASS">
          <reporter-output>
          </reporter-output>
        </test-method> <!-- user_must_on_product_store_home_page_url -->
        <test-method signature="user_click_on_sign_up()[pri:4, instance:stepdefination.StepDefination@5158b42f]" started-at="2022-01-26T23:30:58 EST" name="user_click_on_sign_up" finished-at="2022-01-26T23:30:58 EST" duration-ms="0" status="PASS">
          <reporter-output>
          </reporter-output>
        </test-method> <!-- user_click_on_sign_up -->
        <test-method is-config="true" signature="user_must_on_product_store_home_page_url()[pri:0, instance:stepdefination.StepDefination@5158b42f]" started-at="2022-01-26T23:30:58 EST" name="user_must_on_product_store_home_page_url" finished-at="2022-01-26T23:30:58 EST" duration-ms="5" status="PASS">
          <reporter-output>
          </reporter-output>
        </test-method> <!-- user_must_on_product_store_home_page_url -->
        <test-method signature="user_should_get_successful_message()[pri:5, instance:stepdefination.StepDefination@5158b42f]" started-at="2022-01-26T23:30:58 EST" name="user_should_get_successful_message" finished-at="2022-01-26T23:31:01 EST" duration-ms="2061" status="PASS">
          <reporter-output>
          </reporter-output>
        </test-method> <!-- user_should_get_successful_message -->
        <test-method is-config="true" signature="user_must_on_product_store_home_page_url()[pri:0, instance:stepdefination.StepDefination@5158b42f]" started-at="2022-01-26T23:31:01 EST" name="user_must_on_product_store_home_page_url" finished-at="2022-01-26T23:31:01 EST" duration-ms="8" status="PASS">
          <reporter-output>
          </reporter-output>
        </test-method> <!-- user_must_on_product_store_home_page_url -->
        <test-method signature="click_on_log_in_button()[pri:6, instance:stepdefination.StepDefination@5158b42f]" started-at="2022-01-26T23:31:01 EST" name="click_on_log_in_button" finished-at="2022-01-26T23:31:04 EST" duration-ms="3228" status="PASS">
          <reporter-output>
          </reporter-output>
        </test-method> <!-- click_on_log_in_button -->
        <test-method is-config="true" signature="user_must_on_product_store_home_page_url()[pri:0, instance:stepdefination.StepDefination@5158b42f]" started-at="2022-01-26T23:31:04 EST" name="user_must_on_product_store_home_page_url" finished-at="2022-01-26T23:31:04 EST" duration-ms="3" status="PASS">
          <reporter-output>
          </reporter-output>
        </test-method> <!-- user_must_on_product_store_home_page_url -->
        <test-method signature="enter_username_password()[pri:7, instance:stepdefination.StepDefination@5158b42f]" started-at="2022-01-26T23:31:04 EST" name="enter_username_password" finished-at="2022-01-26T23:31:08 EST" duration-ms="4047" status="PASS">
          <reporter-output>
          </reporter-output>
        </test-method> <!-- enter_username_password -->
        <test-method is-config="true" signature="user_must_on_product_store_home_page_url()[pri:0, instance:stepdefination.StepDefination@5158b42f]" started-at="2022-01-26T23:31:08 EST" name="user_must_on_product_store_home_page_url" finished-at="2022-01-26T23:31:08 EST" duration-ms="4" status="PASS">
          <reporter-output>
          </reporter-output>
        </test-method> <!-- user_must_on_product_store_home_page_url -->
        <test-method signature="click_on_log_in()[pri:8, instance:stepdefination.StepDefination@5158b42f]" started-at="2022-01-26T23:31:08 EST" name="click_on_log_in" finished-at="2022-01-26T23:31:13 EST" duration-ms="5224" status="PASS">
          <reporter-output>
          </reporter-output>
        </test-method> <!-- click_on_log_in -->
        <test-method is-config="true" signature="user_must_on_product_store_home_page_url()[pri:0, instance:stepdefination.StepDefination@5158b42f]" started-at="2022-01-26T23:31:13 EST" name="user_must_on_product_store_home_page_url" finished-at="2022-01-26T23:31:13 EST" duration-ms="6" status="PASS">
          <reporter-output>
          </reporter-output>
        </test-method> <!-- user_must_on_product_store_home_page_url -->
        <test-method signature="click_on_one_product()[pri:9, instance:stepdefination.StepDefination@5158b42f]" started-at="2022-01-26T23:31:13 EST" name="click_on_one_product" finished-at="2022-01-26T23:31:17 EST" duration-ms="4273" status="PASS">
          <reporter-output>
          </reporter-output>
        </test-method> <!-- click_on_one_product -->
        <test-method is-config="true" signature="user_must_on_product_store_home_page_url()[pri:0, instance:stepdefination.StepDefination@5158b42f]" started-at="2022-01-26T23:31:17 EST" name="user_must_on_product_store_home_page_url" finished-at="2022-01-26T23:31:17 EST" duration-ms="4" status="PASS">
          <reporter-output>
          </reporter-output>
        </test-method> <!-- user_must_on_product_store_home_page_url -->
        <test-method signature="add_to_cart()[pri:10, instance:stepdefination.StepDefination@5158b42f]" started-at="2022-01-26T23:31:17 EST" name="add_to_cart" finished-at="2022-01-26T23:31:21 EST" duration-ms="4051" status="PASS">
          <reporter-output>
          </reporter-output>
        </test-method> <!-- add_to_cart -->
        <test-method is-config="true" signature="user_must_on_product_store_home_page_url()[pri:0, instance:stepdefination.StepDefination@5158b42f]" started-at="2022-01-26T23:31:21 EST" name="user_must_on_product_store_home_page_url" finished-at="2022-01-26T23:31:21 EST" duration-ms="7" status="PASS">
          <reporter-output>
          </reporter-output>
        </test-method> <!-- user_must_on_product_store_home_page_url -->
        <test-method signature="go_to_cart()[pri:11, instance:stepdefination.StepDefination@5158b42f]" started-at="2022-01-26T23:31:21 EST" name="go_to_cart" finished-at="2022-01-26T23:31:25 EST" duration-ms="3385" status="PASS">
          <reporter-output>
          </reporter-output>
        </test-method> <!-- go_to_cart -->
        <test-method is-config="true" signature="user_must_on_product_store_home_page_url()[pri:0, instance:stepdefination.StepDefination@5158b42f]" started-at="2022-01-26T23:31:25 EST" name="user_must_on_product_store_home_page_url" finished-at="2022-01-26T23:31:25 EST" duration-ms="13" status="PASS">
          <reporter-output>
          </reporter-output>
        </test-method> <!-- user_must_on_product_store_home_page_url -->
        <test-method signature="confirm_product_is_added()[pri:12, instance:stepdefination.StepDefination@5158b42f]" started-at="2022-01-26T23:31:25 EST" name="confirm_product_is_added" finished-at="2022-01-26T23:31:27 EST" duration-ms="2025" status="PASS">
          <reporter-output>
          </reporter-output>
        </test-method> <!-- confirm_product_is_added -->
      </class> <!-- stepdefination.StepDefination -->
    </test> <!-- Default test -->
  </suite> <!-- Default suite -->
</testng-results>
